<?xml version="1.0" encoding="UTF-8"?>
<testsuite name="com.bridgelabz.test.UploadAndDownloadFileTest" tests="1" skipped="0" failures="0" errors="0" timestamp="2020-01-19T10:35:11" hostname="FH400" time="13.079">
  <properties/>
  <testcase name="downloadFile" classname="com.bridgelabz.test.UploadAndDownloadFileTest" time="13.079"/>
  <system-out><![CDATA[]]></system-out>
  <system-err><![CDATA[Starting ChromeDriver 78.0.3904.105 (60e2d8774a8151efa6a00b1f358371b1e0e07ee2-refs/branch-heads/3904@{#877}) on port 11774
Only local connections are allowed.
Please protect ports used by ChromeDriver and related test frameworks to prevent access by malicious code.
Jan 19, 2020 4:05:10 PM org.openqa.selenium.remote.ProtocolHandshake createSession
INFO: Detected dialect: W3C
]]></system-err>
</testsuite>
