<?xml version="1.0" encoding="UTF-8"?>
<testsuite name="com.bridgelabz.test.ScreenshotsTest" tests="1" skipped="0" failures="0" errors="0" timestamp="2020-01-18T13:53:47" hostname="FH400" time="12.715">
  <properties/>
  <testcase name="getScreenShotsUsingITestListener" classname="com.bridgelabz.test.ScreenshotsTest" time="12.715"/>
  <system-out><![CDATA[In the OnTestStart method 
Driver:ChromeDriver: chrome on LINUX (f2e266bd2bddd1e41ac08ee62c9cd8ac)
In the OnTestSuccess method 
Driver:ChromeDriver: chrome on LINUX (f2e266bd2bddd1e41ac08ee62c9cd8ac)
]]></system-out>
  <system-err><![CDATA[Starting ChromeDriver 78.0.3904.105 (60e2d8774a8151efa6a00b1f358371b1e0e07ee2-refs/branch-heads/3904@{#877}) on port 16033
Only local connections are allowed.
Please protect ports used by ChromeDriver and related test frameworks to prevent access by malicious code.
Jan 18, 2020 7:23:39 PM org.openqa.selenium.remote.ProtocolHandshake createSession
INFO: Detected dialect: W3C
]]></system-err>
</testsuite>
