<?xml version="1.0" encoding="UTF-8"?>
<testsuite name="com.bridgelabz.test.ReadPdfTest" tests="1" skipped="0" failures="0" errors="0" timestamp="2020-01-20T07:33:04" hostname="FH400" time="5.883">
  <properties/>
  <testcase name="readPdf" classname="com.bridgelabz.test.ReadPdfTest" time="5.883"/>
  <system-out><![CDATA[Adobe Acrobat PDF Files
Adobe® Portable Document Format (PDF) is a universal file format that preserves all
of the fonts, formatting, colours and graphics of any source document, regardless of
the application and platform used to create it.
Adobe PDF is an ideal format for electronic document distribution as it overcomes the
problems commonly encountered with electronic file sharing.
• Anyone, anywhere can open a PDF file. All you need is the free Adobe Acrobat
Reader. Recipients of other file formats sometimes can't open files because they
don't have the applications used to create the documents.
• PDF files always print correctly on any printing device.
• PDF files always display exactly as created, regardless of fonts, software, and
operating systems. Fonts, and graphics are not lost due to platform, software, and
version incompatibilities.
• The free Acrobat Reader is easy to download and can be freely distributed by
anyone.
• Compact PDF files are smaller than their source files and download a
page at a time for fast display on the Web.

]]></system-out>
  <system-err><![CDATA[Starting ChromeDriver 78.0.3904.105 (60e2d8774a8151efa6a00b1f358371b1e0e07ee2-refs/branch-heads/3904@{#877}) on port 22655
Only local connections are allowed.
Please protect ports used by ChromeDriver and related test frameworks to prevent access by malicious code.
Jan 20, 2020 1:03:03 PM org.openqa.selenium.remote.ProtocolHandshake createSession
INFO: Detected dialect: W3C
Jan 20, 2020 1:03:08 PM org.apache.pdfbox.pdmodel.font.PDTrueTypeFont <init>
WARNING: Using fallback font 'LiberationSans-Bold' for 'Arial-BoldMT'
Jan 20, 2020 1:03:08 PM org.apache.pdfbox.pdmodel.font.PDTrueTypeFont <init>
WARNING: Using fallback font 'LiberationSerif' for 'TimesNewRomanPSMT'
Jan 20, 2020 1:03:09 PM org.apache.pdfbox.pdmodel.font.PDTrueTypeFont <init>
WARNING: Using fallback font 'LiberationSans' for 'ArialMT'
Jan 20, 2020 1:03:09 PM org.apache.pdfbox.pdmodel.font.PDTrueTypeFont <init>
WARNING: Using fallback font 'LiberationSerif-BoldItalic' for 'TimesNewRomanPS-BoldItalicMT'
]]></system-err>
</testsuite>
