<?xml version="1.0" encoding="UTF-8"?>
<testsuite name="com.bridgelabz.test.DragAndDropTest" tests="1" skipped="0" failures="0" errors="0" timestamp="2020-01-19T11:17:46" hostname="FH400" time="4.645">
  <properties/>
  <testcase name="uploadFile" classname="com.bridgelabz.test.DragAndDropTest" time="4.645"/>
  <system-out><![CDATA[]]></system-out>
  <system-err><![CDATA[Starting ChromeDriver 78.0.3904.105 (60e2d8774a8151efa6a00b1f358371b1e0e07ee2-refs/branch-heads/3904@{#877}) on port 5869
Only local connections are allowed.
Please protect ports used by ChromeDriver and related test frameworks to prevent access by malicious code.
Jan 19, 2020 4:47:46 PM org.openqa.selenium.remote.ProtocolHandshake createSession
INFO: Detected dialect: W3C
]]></system-err>
</testsuite>
