<?xml version="1.0" encoding="UTF-8"?>
<testsuite name="com.bridgelabz.test.MultipleWindowTest" tests="1" skipped="0" failures="0" errors="0" timestamp="2020-01-21T11:03:45" hostname="FH400" time="8.402">
  <properties/>
  <testcase name="testName" classname="com.bridgelabz.test.MultipleWindowTest" time="8.402"/>
  <system-out><![CDATA[]]></system-out>
  <system-err><![CDATA[Starting ChromeDriver 78.0.3904.105 (60e2d8774a8151efa6a00b1f358371b1e0e07ee2-refs/branch-heads/3904@{#877}) on port 25185
Only local connections are allowed.
Please protect ports used by ChromeDriver and related test frameworks to prevent access by malicious code.
Jan 21, 2020 4:33:45 PM org.openqa.selenium.remote.ProtocolHandshake createSession
INFO: Detected dialect: W3C
]]></system-err>
</testsuite>
